<?xml version="1.0" encoding="UTF-8"?>
<testng-results skipped="0" failed="1" ignored="0" total="2" passed="1">
  <reporter-output>
  </reporter-output>
  <suite name="Default suite" duration-ms="559" started-at="2020-07-22T07:38:16Z" finished-at="2020-07-22T07:38:17Z">
    <groups>
    </groups>
    <test name="Default test" duration-ms="559" started-at="2020-07-22T07:38:16Z" finished-at="2020-07-22T07:38:17Z">
      <class name="com.practice.Login.LoginTest">
        <test-method status="PASS" signature="TriggerDependency()[pri:0, instance:com.practice.Login.LoginTest@d8355a8]" name="TriggerDependency" is-config="true" duration-ms="4943" started-at="2020-07-22T13:08:11Z" finished-at="2020-07-22T13:08:16Z">
          <reporter-output>
          </reporter-output>
        </test-method> <!-- TriggerDependency -->
        <test-method status="PASS" signature="LoginFBTest()[pri:0, instance:com.practice.Login.LoginTest@d8355a8]" name="LoginFBTest" duration-ms="18" started-at="2020-07-22T13:08:16Z" finished-at="2020-07-22T13:08:16Z">
          <reporter-output>
          </reporter-output>
        </test-method> <!-- LoginFBTest -->
        <test-method status="FAIL" signature="ScreenShot()[pri:0, instance:com.practice.Login.LoginTest@d8355a8]" name="ScreenShot" duration-ms="14" started-at="2020-07-22T13:08:16Z" finished-at="2020-07-22T13:08:16Z">
          <exception class="java.lang.AssertionError">
            <message>
              <![CDATA[expected [false] but found [true]]]>
            </message>
            <full-stacktrace>
              <![CDATA[java.lang.AssertionError: expected [false] but found [true]
	at org.testng.Assert.fail(Assert.java:94)
	at org.testng.Assert.failNotEquals(Assert.java:513)
	at org.testng.Assert.assertEqualsImpl(Assert.java:135)
	at org.testng.Assert.assertEquals(Assert.java:116)
	at org.testng.Assert.assertEquals(Assert.java:305)
	at org.testng.Assert.assertEquals(Assert.java:315)
	at com.practice.Login.LoginTest.ScreenShot(LoginTest.java:30)
	at sun.reflect.NativeMethodAccessorImpl.invoke0(Native Method)
	at sun.reflect.NativeMethodAccessorImpl.invoke(NativeMethodAccessorImpl.java:62)
	at sun.reflect.DelegatingMethodAccessorImpl.invoke(DelegatingMethodAccessorImpl.java:43)
	at java.lang.reflect.Method.invoke(Method.java:498)
	at org.testng.internal.MethodInvocationHelper.invokeMethod(MethodInvocationHelper.java:104)
	at org.testng.internal.Invoker.invokeMethod(Invoker.java:645)
	at org.testng.internal.Invoker.invokeTestMethod(Invoker.java:851)
	at org.testng.internal.Invoker.invokeTestMethods(Invoker.java:1177)
	at org.testng.internal.TestMethodWorker.invokeTestMethods(TestMethodWorker.java:129)
	at org.testng.internal.TestMethodWorker.run(TestMethodWorker.java:112)
	at org.testng.TestRunner.privateRun(TestRunner.java:756)
	at org.testng.TestRunner.run(TestRunner.java:610)
	at org.testng.SuiteRunner.runTest(SuiteRunner.java:387)
	at org.testng.SuiteRunner.runSequentially(SuiteRunner.java:382)
	at org.testng.SuiteRunner.privateRun(SuiteRunner.java:340)
	at org.testng.SuiteRunner.run(SuiteRunner.java:289)
	at org.testng.SuiteRunnerWorker.runSuite(SuiteRunnerWorker.java:52)
	at org.testng.SuiteRunnerWorker.run(SuiteRunnerWorker.java:86)
	at org.testng.TestNG.runSuitesSequentially(TestNG.java:1293)
	at org.testng.TestNG.runSuitesLocally(TestNG.java:1218)
	at org.testng.TestNG.runSuites(TestNG.java:1133)
	at org.testng.TestNG.run(TestNG.java:1104)
	at org.testng.remote.AbstractRemoteTestNG.run(AbstractRemoteTestNG.java:115)
	at org.testng.remote.RemoteTestNG.initAndRun(RemoteTestNG.java:251)
	at org.testng.remote.RemoteTestNG.main(RemoteTestNG.java:77)
]]>
            </full-stacktrace>
          </exception> <!-- java.lang.AssertionError -->
          <reporter-output>
          </reporter-output>
        </test-method> <!-- ScreenShot -->
        <test-method status="PASS" signature="closeBrowser()[pri:0, instance:com.practice.Login.LoginTest@d8355a8]" name="closeBrowser" is-config="true" duration-ms="247" started-at="2020-07-22T13:08:17Z" finished-at="2020-07-22T13:08:17Z">
          <reporter-output>
          </reporter-output>
        </test-method> <!-- closeBrowser -->
      </class> <!-- com.practice.Login.LoginTest -->
    </test> <!-- Default test -->
  </suite> <!-- Default suite -->
</testng-results>
